[2022-10-07 22:01:21,196] multiqc                                            [DEBUG  ]  This is MultiQC v1.12
[2022-10-07 22:01:21,196] multiqc                                            [DEBUG  ]  No MultiQC config found: /opt/miniconda3/envs/py38/lib/python3.8/site-packages/multiqc_config.yaml
[2022-10-07 22:01:21,196] multiqc                                            [DEBUG  ]  No MultiQC config found: /home/labuser/.multiqc_config.yaml
[2022-10-07 22:01:21,196] multiqc                                            [DEBUG  ]  No MultiQC config found: multiqc_config.yaml
[2022-10-07 22:01:21,196] multiqc                                            [DEBUG  ]  Command used: /opt/miniconda3/envs/py38/bin/multiqc .
[2022-10-07 22:01:21,742] multiqc                                            [WARNING]  MultiQC Version v1.13 now available!
[2022-10-07 22:01:21,743] multiqc                                            [DEBUG  ]  Command     : /opt/miniconda3/envs/py38/bin/multiqc .
[2022-10-07 22:01:21,743] multiqc                                            [DEBUG  ]  Working dir : /nas/homes/benyang/LiuLabCollab/01_fastqc/Trimmed
[2022-10-07 22:01:21,743] multiqc                                            [DEBUG  ]  Template    : default
[2022-10-07 22:01:21,743] multiqc                                            [DEBUG  ]  Running Python 3.8.13 | packaged by conda-forge | (default, Mar 25 2022, 06:04:10)  [GCC 10.3.0]
[2022-10-07 22:01:21,744] multiqc                                            [DEBUG  ]  Analysing modules: custom_content, ccs, ngsderive, purple, conpair, lima, peddy, somalier, methylQA, mosdepth, phantompeakqualtools, qualimap, preseq, quast, qorts, rna_seqc, rockhopper, rsem, rseqc, busco, bustools, goleft_indexcov, gffcompare, disambiguate, supernova, deeptools, sargasso, verifybamid, mirtrace, happy, mirtop, sambamba, homer, hops, macs2, theta2, snpeff, gatk, htseq, bcftools, featureCounts, fgbio, dragen, dedup, pbmarkdup, damageprofiler, biobambam2, jcvi, mtnucratio, picard, vep, sentieon, prokka, qc3C, nanostat, samblaster, samtools, sexdeterrmine, eigenstratdatabasetools, bamtools, jellyfish, vcftools, longranger, stacks, varscan2, snippy, bbmap, bismark, biscuit, hicexplorer, hicup, hicpro, salmon, kallisto, slamdunk, star, hisat2, tophat, bowtie2, bowtie1, snpsplit, odgi, pangolin, kat, leehom, adapterRemoval, clipandmerge, cutadapt, flexbar, kaiju, kraken, malt, trimmomatic, sickle, skewer, sortmerna, biobloomtools, fastq_screen, afterqc, fastp, fastqc, pychopper, pycoqc, minionqc, multivcfanalyzer, clusterflow, checkqc, bcl2fastq, bclconvert, interop, ivar, flash, seqyclean, optitype, whatshap
[2022-10-07 22:01:21,744] multiqc                                            [DEBUG  ]  Using temporary directory for creating report: /tmp/tmp79gylmz8
[2022-10-07 22:01:21,916] multiqc                                            [INFO   ]  Search path : /nas/homes/benyang/LiuLabCollab/01_fastqc/Trimmed
[2022-10-07 22:01:21,969] multiqc                                            [DEBUG  ]  File ignored by ccs/v4 because it exceeded search pattern filesize limit: 7016-BY-1_TAAGGCGA-CTCTCTAT_S1_R1_001_trimmed_fastqc.html
[2022-10-07 22:01:21,988] multiqc                                            [DEBUG  ]  File ignored by hicexplorer because it exceeded search pattern filesize limit: 7016-BY-1_TAAGGCGA-CTCTCTAT_S1_R1_001_trimmed_fastqc.html
[2022-10-07 22:01:21,990] multiqc                                            [DEBUG  ]  File ignored by lima/summary because it exceeded search pattern filesize limit: 7016-BY-1_TAAGGCGA-CTCTCTAT_S1_R1_001_trimmed_fastqc.html
[2022-10-07 22:01:22,022] multiqc                                            [DEBUG  ]  File ignored by vep/vep_txt because it exceeded search pattern filesize limit: 7016-BY-1_TAAGGCGA-CTCTCTAT_S1_R1_001_trimmed_fastqc.html
[2022-10-07 22:01:22,029] multiqc                                            [DEBUG  ]  File ignored by longranger/invocation because it exceeded search pattern filesize limit: 7016-BY-1_TAAGGCGA-CTCTCTAT_S1_R1_001_trimmed_fastqc.html
[2022-10-07 22:01:22,029] multiqc                                            [DEBUG  ]  File ignored by rockhopper because it exceeded search pattern filesize limit: 7016-BY-1_TAAGGCGA-CTCTCTAT_S1_R1_001_trimmed_fastqc.html
[2022-10-07 22:01:22,029] multiqc                                            [DEBUG  ]  File ignored by rseqc/bam_stat because it exceeded search pattern filesize limit: 7016-BY-1_TAAGGCGA-CTCTCTAT_S1_R1_001_trimmed_fastqc.html
[2022-10-07 22:01:22,030] multiqc                                            [DEBUG  ]  File ignored by rseqc/junction_annotation because it exceeded search pattern filesize limit: 7016-BY-1_TAAGGCGA-CTCTCTAT_S1_R1_001_trimmed_fastqc.html
[2022-10-07 22:01:22,030] multiqc                                            [DEBUG  ]  File ignored by rseqc/read_distribution because it exceeded search pattern filesize limit: 7016-BY-1_TAAGGCGA-CTCTCTAT_S1_R1_001_trimmed_fastqc.html
[2022-10-07 22:01:22,030] multiqc                                            [DEBUG  ]  File ignored by rseqc/infer_experiment because it exceeded search pattern filesize limit: 7016-BY-1_TAAGGCGA-CTCTCTAT_S1_R1_001_trimmed_fastqc.html
[2022-10-07 22:01:22,142] multiqc                                            [DEBUG  ]  File ignored by nanostat because it exceeded search pattern filesize limit: 7016-BY-1_TAAGGCGA-CTCTCTAT_S1_R1_001_trimmed_fastqc.html
[2022-10-07 22:01:22,180] multiqc                                            [DEBUG  ]  File ignored by ccs/v4 because it exceeded search pattern filesize limit: 7016-BY-2_CGTACTAG-CTCTCTAT_S2_R1_001_trimmed_fastqc.html
[2022-10-07 22:01:22,196] multiqc                                            [DEBUG  ]  File ignored by hicexplorer because it exceeded search pattern filesize limit: 7016-BY-2_CGTACTAG-CTCTCTAT_S2_R1_001_trimmed_fastqc.html
[2022-10-07 22:01:22,198] multiqc                                            [DEBUG  ]  File ignored by lima/summary because it exceeded search pattern filesize limit: 7016-BY-2_CGTACTAG-CTCTCTAT_S2_R1_001_trimmed_fastqc.html
[2022-10-07 22:01:22,229] multiqc                                            [DEBUG  ]  File ignored by vep/vep_txt because it exceeded search pattern filesize limit: 7016-BY-2_CGTACTAG-CTCTCTAT_S2_R1_001_trimmed_fastqc.html
[2022-10-07 22:01:22,230] multiqc                                            [DEBUG  ]  File ignored by longranger/invocation because it exceeded search pattern filesize limit: 7016-BY-2_CGTACTAG-CTCTCTAT_S2_R1_001_trimmed_fastqc.html
[2022-10-07 22:01:22,230] multiqc                                            [DEBUG  ]  File ignored by rockhopper because it exceeded search pattern filesize limit: 7016-BY-2_CGTACTAG-CTCTCTAT_S2_R1_001_trimmed_fastqc.html
[2022-10-07 22:01:22,230] multiqc                                            [DEBUG  ]  File ignored by rseqc/bam_stat because it exceeded search pattern filesize limit: 7016-BY-2_CGTACTAG-CTCTCTAT_S2_R1_001_trimmed_fastqc.html
[2022-10-07 22:01:22,230] multiqc                                            [DEBUG  ]  File ignored by rseqc/junction_annotation because it exceeded search pattern filesize limit: 7016-BY-2_CGTACTAG-CTCTCTAT_S2_R1_001_trimmed_fastqc.html
[2022-10-07 22:01:22,230] multiqc                                            [DEBUG  ]  File ignored by rseqc/read_distribution because it exceeded search pattern filesize limit: 7016-BY-2_CGTACTAG-CTCTCTAT_S2_R1_001_trimmed_fastqc.html
[2022-10-07 22:01:22,230] multiqc                                            [DEBUG  ]  File ignored by rseqc/infer_experiment because it exceeded search pattern filesize limit: 7016-BY-2_CGTACTAG-CTCTCTAT_S2_R1_001_trimmed_fastqc.html
[2022-10-07 22:01:22,348] multiqc                                            [DEBUG  ]  File ignored by nanostat because it exceeded search pattern filesize limit: 7016-BY-2_CGTACTAG-CTCTCTAT_S2_R1_001_trimmed_fastqc.html
[2022-10-07 22:01:22,385] multiqc                                            [DEBUG  ]  File ignored by ccs/v4 because it exceeded search pattern filesize limit: 7016-BY-4_TCCTGAGC-CTCTCTAT_S4_R1_001_trimmed_fastqc.html
[2022-10-07 22:01:22,401] multiqc                                            [DEBUG  ]  File ignored by hicexplorer because it exceeded search pattern filesize limit: 7016-BY-4_TCCTGAGC-CTCTCTAT_S4_R1_001_trimmed_fastqc.html
[2022-10-07 22:01:22,403] multiqc                                            [DEBUG  ]  File ignored by lima/summary because it exceeded search pattern filesize limit: 7016-BY-4_TCCTGAGC-CTCTCTAT_S4_R1_001_trimmed_fastqc.html
[2022-10-07 22:01:22,434] multiqc                                            [DEBUG  ]  File ignored by vep/vep_txt because it exceeded search pattern filesize limit: 7016-BY-4_TCCTGAGC-CTCTCTAT_S4_R1_001_trimmed_fastqc.html
[2022-10-07 22:01:22,435] multiqc                                            [DEBUG  ]  File ignored by longranger/invocation because it exceeded search pattern filesize limit: 7016-BY-4_TCCTGAGC-CTCTCTAT_S4_R1_001_trimmed_fastqc.html
[2022-10-07 22:01:22,435] multiqc                                            [DEBUG  ]  File ignored by rockhopper because it exceeded search pattern filesize limit: 7016-BY-4_TCCTGAGC-CTCTCTAT_S4_R1_001_trimmed_fastqc.html
[2022-10-07 22:01:22,435] multiqc                                            [DEBUG  ]  File ignored by rseqc/bam_stat because it exceeded search pattern filesize limit: 7016-BY-4_TCCTGAGC-CTCTCTAT_S4_R1_001_trimmed_fastqc.html
[2022-10-07 22:01:22,435] multiqc                                            [DEBUG  ]  File ignored by rseqc/junction_annotation because it exceeded search pattern filesize limit: 7016-BY-4_TCCTGAGC-CTCTCTAT_S4_R1_001_trimmed_fastqc.html
[2022-10-07 22:01:22,435] multiqc                                            [DEBUG  ]  File ignored by rseqc/read_distribution because it exceeded search pattern filesize limit: 7016-BY-4_TCCTGAGC-CTCTCTAT_S4_R1_001_trimmed_fastqc.html
[2022-10-07 22:01:22,435] multiqc                                            [DEBUG  ]  File ignored by rseqc/infer_experiment because it exceeded search pattern filesize limit: 7016-BY-4_TCCTGAGC-CTCTCTAT_S4_R1_001_trimmed_fastqc.html
[2022-10-07 22:01:22,544] multiqc                                            [DEBUG  ]  File ignored by nanostat because it exceeded search pattern filesize limit: 7016-BY-4_TCCTGAGC-CTCTCTAT_S4_R1_001_trimmed_fastqc.html
[2022-10-07 22:01:22,583] multiqc                                            [DEBUG  ]  File ignored by ccs/v4 because it exceeded search pattern filesize limit: 7016-BY-3_AGGCAGAA-CTCTCTAT_S3_R1_001_trimmed_fastqc.html
[2022-10-07 22:01:22,599] multiqc                                            [DEBUG  ]  File ignored by hicexplorer because it exceeded search pattern filesize limit: 7016-BY-3_AGGCAGAA-CTCTCTAT_S3_R1_001_trimmed_fastqc.html
[2022-10-07 22:01:22,601] multiqc                                            [DEBUG  ]  File ignored by lima/summary because it exceeded search pattern filesize limit: 7016-BY-3_AGGCAGAA-CTCTCTAT_S3_R1_001_trimmed_fastqc.html
[2022-10-07 22:01:22,632] multiqc                                            [DEBUG  ]  File ignored by vep/vep_txt because it exceeded search pattern filesize limit: 7016-BY-3_AGGCAGAA-CTCTCTAT_S3_R1_001_trimmed_fastqc.html
[2022-10-07 22:01:22,633] multiqc                                            [DEBUG  ]  File ignored by longranger/invocation because it exceeded search pattern filesize limit: 7016-BY-3_AGGCAGAA-CTCTCTAT_S3_R1_001_trimmed_fastqc.html
[2022-10-07 22:01:22,633] multiqc                                            [DEBUG  ]  File ignored by rockhopper because it exceeded search pattern filesize limit: 7016-BY-3_AGGCAGAA-CTCTCTAT_S3_R1_001_trimmed_fastqc.html
[2022-10-07 22:01:22,633] multiqc                                            [DEBUG  ]  File ignored by rseqc/bam_stat because it exceeded search pattern filesize limit: 7016-BY-3_AGGCAGAA-CTCTCTAT_S3_R1_001_trimmed_fastqc.html
[2022-10-07 22:01:22,633] multiqc                                            [DEBUG  ]  File ignored by rseqc/junction_annotation because it exceeded search pattern filesize limit: 7016-BY-3_AGGCAGAA-CTCTCTAT_S3_R1_001_trimmed_fastqc.html
[2022-10-07 22:01:22,633] multiqc                                            [DEBUG  ]  File ignored by rseqc/read_distribution because it exceeded search pattern filesize limit: 7016-BY-3_AGGCAGAA-CTCTCTAT_S3_R1_001_trimmed_fastqc.html
[2022-10-07 22:01:22,633] multiqc                                            [DEBUG  ]  File ignored by rseqc/infer_experiment because it exceeded search pattern filesize limit: 7016-BY-3_AGGCAGAA-CTCTCTAT_S3_R1_001_trimmed_fastqc.html
[2022-10-07 22:01:22,742] multiqc                                            [DEBUG  ]  File ignored by nanostat because it exceeded search pattern filesize limit: 7016-BY-3_AGGCAGAA-CTCTCTAT_S3_R1_001_trimmed_fastqc.html
[2022-10-07 22:01:22,782] multiqc                                            [DEBUG  ]  File ignored by ccs/v4 because it exceeded search pattern filesize limit: 7016-BY-5_GGACTCCT-CTCTCTAT_S5_R1_001_trimmed_fastqc.html
[2022-10-07 22:01:22,798] multiqc                                            [DEBUG  ]  File ignored by hicexplorer because it exceeded search pattern filesize limit: 7016-BY-5_GGACTCCT-CTCTCTAT_S5_R1_001_trimmed_fastqc.html
[2022-10-07 22:01:22,800] multiqc                                            [DEBUG  ]  File ignored by lima/summary because it exceeded search pattern filesize limit: 7016-BY-5_GGACTCCT-CTCTCTAT_S5_R1_001_trimmed_fastqc.html
[2022-10-07 22:01:22,830] multiqc                                            [DEBUG  ]  File ignored by vep/vep_txt because it exceeded search pattern filesize limit: 7016-BY-5_GGACTCCT-CTCTCTAT_S5_R1_001_trimmed_fastqc.html
[2022-10-07 22:01:22,831] multiqc                                            [DEBUG  ]  File ignored by longranger/invocation because it exceeded search pattern filesize limit: 7016-BY-5_GGACTCCT-CTCTCTAT_S5_R1_001_trimmed_fastqc.html
[2022-10-07 22:01:22,831] multiqc                                            [DEBUG  ]  File ignored by rockhopper because it exceeded search pattern filesize limit: 7016-BY-5_GGACTCCT-CTCTCTAT_S5_R1_001_trimmed_fastqc.html
[2022-10-07 22:01:22,832] multiqc                                            [DEBUG  ]  File ignored by rseqc/bam_stat because it exceeded search pattern filesize limit: 7016-BY-5_GGACTCCT-CTCTCTAT_S5_R1_001_trimmed_fastqc.html
[2022-10-07 22:01:22,832] multiqc                                            [DEBUG  ]  File ignored by rseqc/junction_annotation because it exceeded search pattern filesize limit: 7016-BY-5_GGACTCCT-CTCTCTAT_S5_R1_001_trimmed_fastqc.html
[2022-10-07 22:01:22,832] multiqc                                            [DEBUG  ]  File ignored by rseqc/read_distribution because it exceeded search pattern filesize limit: 7016-BY-5_GGACTCCT-CTCTCTAT_S5_R1_001_trimmed_fastqc.html
[2022-10-07 22:01:22,832] multiqc                                            [DEBUG  ]  File ignored by rseqc/infer_experiment because it exceeded search pattern filesize limit: 7016-BY-5_GGACTCCT-CTCTCTAT_S5_R1_001_trimmed_fastqc.html
[2022-10-07 22:01:22,940] multiqc                                            [DEBUG  ]  File ignored by nanostat because it exceeded search pattern filesize limit: 7016-BY-5_GGACTCCT-CTCTCTAT_S5_R1_001_trimmed_fastqc.html
[2022-10-07 22:01:22,979] multiqc                                            [DEBUG  ]  File ignored by ccs/v4 because it exceeded search pattern filesize limit: 7016-BY-6_TAGGCATG-CTCTCTAT_S6_R1_001_trimmed_fastqc.html
[2022-10-07 22:01:22,995] multiqc                                            [DEBUG  ]  File ignored by hicexplorer because it exceeded search pattern filesize limit: 7016-BY-6_TAGGCATG-CTCTCTAT_S6_R1_001_trimmed_fastqc.html
[2022-10-07 22:01:22,997] multiqc                                            [DEBUG  ]  File ignored by lima/summary because it exceeded search pattern filesize limit: 7016-BY-6_TAGGCATG-CTCTCTAT_S6_R1_001_trimmed_fastqc.html
[2022-10-07 22:01:23,028] multiqc                                            [DEBUG  ]  File ignored by vep/vep_txt because it exceeded search pattern filesize limit: 7016-BY-6_TAGGCATG-CTCTCTAT_S6_R1_001_trimmed_fastqc.html
[2022-10-07 22:01:23,029] multiqc                                            [DEBUG  ]  File ignored by longranger/invocation because it exceeded search pattern filesize limit: 7016-BY-6_TAGGCATG-CTCTCTAT_S6_R1_001_trimmed_fastqc.html
[2022-10-07 22:01:23,029] multiqc                                            [DEBUG  ]  File ignored by rockhopper because it exceeded search pattern filesize limit: 7016-BY-6_TAGGCATG-CTCTCTAT_S6_R1_001_trimmed_fastqc.html
[2022-10-07 22:01:23,029] multiqc                                            [DEBUG  ]  File ignored by rseqc/bam_stat because it exceeded search pattern filesize limit: 7016-BY-6_TAGGCATG-CTCTCTAT_S6_R1_001_trimmed_fastqc.html
[2022-10-07 22:01:23,029] multiqc                                            [DEBUG  ]  File ignored by rseqc/junction_annotation because it exceeded search pattern filesize limit: 7016-BY-6_TAGGCATG-CTCTCTAT_S6_R1_001_trimmed_fastqc.html
[2022-10-07 22:01:23,029] multiqc                                            [DEBUG  ]  File ignored by rseqc/read_distribution because it exceeded search pattern filesize limit: 7016-BY-6_TAGGCATG-CTCTCTAT_S6_R1_001_trimmed_fastqc.html
[2022-10-07 22:01:23,029] multiqc                                            [DEBUG  ]  File ignored by rseqc/infer_experiment because it exceeded search pattern filesize limit: 7016-BY-6_TAGGCATG-CTCTCTAT_S6_R1_001_trimmed_fastqc.html
[2022-10-07 22:01:23,138] multiqc                                            [DEBUG  ]  File ignored by nanostat because it exceeded search pattern filesize limit: 7016-BY-6_TAGGCATG-CTCTCTAT_S6_R1_001_trimmed_fastqc.html
[2022-10-07 22:01:23,756] multiqc.plots.linegraph                            [DEBUG  ]  Using matplotlib version 3.5.1
[2022-10-07 22:01:23,757] multiqc.plots.bargraph                             [DEBUG  ]  Using matplotlib version 3.5.1
[2022-10-07 22:01:23,944] multiqc.modules.fastqc.fastqc                      [INFO   ]  Found 6 reports
[2022-10-07 22:01:24,068] multiqc                                            [INFO   ]  Compressing plot data
[2022-10-07 22:01:24,147] multiqc                                            [INFO   ]  Report      : multiqc_report.html
[2022-10-07 22:01:24,147] multiqc                                            [INFO   ]  Data        : multiqc_data
[2022-10-07 22:01:24,147] multiqc                                            [DEBUG  ]  Moving data file from '/tmp/tmp79gylmz8/multiqc_data' to '/nas/homes/benyang/LiuLabCollab/01_fastqc/Trimmed/multiqc_data'
[2022-10-07 22:01:24,258] multiqc                                            [INFO   ]  MultiQC complete
