[2022-10-07 18:38:45,803] multiqc                                            [DEBUG  ]  This is MultiQC v1.12
[2022-10-07 18:38:45,803] multiqc                                            [DEBUG  ]  No MultiQC config found: /opt/miniconda3/envs/py38/lib/python3.8/site-packages/multiqc_config.yaml
[2022-10-07 18:38:45,803] multiqc                                            [DEBUG  ]  No MultiQC config found: /home/labuser/.multiqc_config.yaml
[2022-10-07 18:38:45,803] multiqc                                            [DEBUG  ]  No MultiQC config found: multiqc_config.yaml
[2022-10-07 18:38:45,804] multiqc                                            [DEBUG  ]  Command used: /opt/miniconda3/envs/py38/bin/multiqc .
[2022-10-07 18:38:46,351] multiqc                                            [WARNING]  MultiQC Version v1.13 now available!
[2022-10-07 18:38:46,351] multiqc                                            [DEBUG  ]  Command     : /opt/miniconda3/envs/py38/bin/multiqc .
[2022-10-07 18:38:46,351] multiqc                                            [DEBUG  ]  Working dir : /nas/homes/benyang/LiuLabCollab/01_fastqc
[2022-10-07 18:38:46,351] multiqc                                            [DEBUG  ]  Template    : default
[2022-10-07 18:38:46,351] multiqc                                            [DEBUG  ]  Running Python 3.8.13 | packaged by conda-forge | (default, Mar 25 2022, 06:04:10)  [GCC 10.3.0]
[2022-10-07 18:38:46,352] multiqc                                            [DEBUG  ]  Analysing modules: custom_content, ccs, ngsderive, purple, conpair, lima, peddy, somalier, methylQA, mosdepth, phantompeakqualtools, qualimap, preseq, quast, qorts, rna_seqc, rockhopper, rsem, rseqc, busco, bustools, goleft_indexcov, gffcompare, disambiguate, supernova, deeptools, sargasso, verifybamid, mirtrace, happy, mirtop, sambamba, homer, hops, macs2, theta2, snpeff, gatk, htseq, bcftools, featureCounts, fgbio, dragen, dedup, pbmarkdup, damageprofiler, biobambam2, jcvi, mtnucratio, picard, vep, sentieon, prokka, qc3C, nanostat, samblaster, samtools, sexdeterrmine, eigenstratdatabasetools, bamtools, jellyfish, vcftools, longranger, stacks, varscan2, snippy, bbmap, bismark, biscuit, hicexplorer, hicup, hicpro, salmon, kallisto, slamdunk, star, hisat2, tophat, bowtie2, bowtie1, snpsplit, odgi, pangolin, kat, leehom, adapterRemoval, clipandmerge, cutadapt, flexbar, kaiju, kraken, malt, trimmomatic, sickle, skewer, sortmerna, biobloomtools, fastq_screen, afterqc, fastp, fastqc, pychopper, pycoqc, minionqc, multivcfanalyzer, clusterflow, checkqc, bcl2fastq, bclconvert, interop, ivar, flash, seqyclean, optitype, whatshap
[2022-10-07 18:38:46,352] multiqc                                            [DEBUG  ]  Using temporary directory for creating report: /tmp/tmpxyw_39lx
[2022-10-07 18:38:46,570] multiqc                                            [INFO   ]  Search path : /nas/homes/benyang/LiuLabCollab/01_fastqc
[2022-10-07 18:38:46,627] multiqc                                            [DEBUG  ]  File ignored by ccs/v4 because it exceeded search pattern filesize limit: 7016-BY-5_GGACTCCT-CTCTCTAT_S5_R1_001_fastqc.html
[2022-10-07 18:38:46,644] multiqc                                            [DEBUG  ]  File ignored by hicexplorer because it exceeded search pattern filesize limit: 7016-BY-5_GGACTCCT-CTCTCTAT_S5_R1_001_fastqc.html
[2022-10-07 18:38:46,646] multiqc                                            [DEBUG  ]  File ignored by lima/summary because it exceeded search pattern filesize limit: 7016-BY-5_GGACTCCT-CTCTCTAT_S5_R1_001_fastqc.html
[2022-10-07 18:38:46,686] multiqc                                            [DEBUG  ]  File ignored by vep/vep_txt because it exceeded search pattern filesize limit: 7016-BY-5_GGACTCCT-CTCTCTAT_S5_R1_001_fastqc.html
[2022-10-07 18:38:46,687] multiqc                                            [DEBUG  ]  File ignored by longranger/invocation because it exceeded search pattern filesize limit: 7016-BY-5_GGACTCCT-CTCTCTAT_S5_R1_001_fastqc.html
[2022-10-07 18:38:46,687] multiqc                                            [DEBUG  ]  File ignored by rockhopper because it exceeded search pattern filesize limit: 7016-BY-5_GGACTCCT-CTCTCTAT_S5_R1_001_fastqc.html
[2022-10-07 18:38:46,687] multiqc                                            [DEBUG  ]  File ignored by rseqc/bam_stat because it exceeded search pattern filesize limit: 7016-BY-5_GGACTCCT-CTCTCTAT_S5_R1_001_fastqc.html
[2022-10-07 18:38:46,687] multiqc                                            [DEBUG  ]  File ignored by rseqc/junction_annotation because it exceeded search pattern filesize limit: 7016-BY-5_GGACTCCT-CTCTCTAT_S5_R1_001_fastqc.html
[2022-10-07 18:38:46,687] multiqc                                            [DEBUG  ]  File ignored by rseqc/read_distribution because it exceeded search pattern filesize limit: 7016-BY-5_GGACTCCT-CTCTCTAT_S5_R1_001_fastqc.html
[2022-10-07 18:38:46,687] multiqc                                            [DEBUG  ]  File ignored by rseqc/infer_experiment because it exceeded search pattern filesize limit: 7016-BY-5_GGACTCCT-CTCTCTAT_S5_R1_001_fastqc.html
[2022-10-07 18:38:46,801] multiqc                                            [DEBUG  ]  File ignored by nanostat because it exceeded search pattern filesize limit: 7016-BY-5_GGACTCCT-CTCTCTAT_S5_R1_001_fastqc.html
[2022-10-07 18:38:46,838] multiqc                                            [DEBUG  ]  File ignored by ccs/v4 because it exceeded search pattern filesize limit: 7016-BY-1_TAAGGCGA-CTCTCTAT_S1_R1_001_fastqc.html
[2022-10-07 18:38:46,854] multiqc                                            [DEBUG  ]  File ignored by hicexplorer because it exceeded search pattern filesize limit: 7016-BY-1_TAAGGCGA-CTCTCTAT_S1_R1_001_fastqc.html
[2022-10-07 18:38:46,856] multiqc                                            [DEBUG  ]  File ignored by lima/summary because it exceeded search pattern filesize limit: 7016-BY-1_TAAGGCGA-CTCTCTAT_S1_R1_001_fastqc.html
[2022-10-07 18:38:46,886] multiqc                                            [DEBUG  ]  File ignored by vep/vep_txt because it exceeded search pattern filesize limit: 7016-BY-1_TAAGGCGA-CTCTCTAT_S1_R1_001_fastqc.html
[2022-10-07 18:38:46,887] multiqc                                            [DEBUG  ]  File ignored by longranger/invocation because it exceeded search pattern filesize limit: 7016-BY-1_TAAGGCGA-CTCTCTAT_S1_R1_001_fastqc.html
[2022-10-07 18:38:46,887] multiqc                                            [DEBUG  ]  File ignored by rockhopper because it exceeded search pattern filesize limit: 7016-BY-1_TAAGGCGA-CTCTCTAT_S1_R1_001_fastqc.html
[2022-10-07 18:38:46,887] multiqc                                            [DEBUG  ]  File ignored by rseqc/bam_stat because it exceeded search pattern filesize limit: 7016-BY-1_TAAGGCGA-CTCTCTAT_S1_R1_001_fastqc.html
[2022-10-07 18:38:46,887] multiqc                                            [DEBUG  ]  File ignored by rseqc/junction_annotation because it exceeded search pattern filesize limit: 7016-BY-1_TAAGGCGA-CTCTCTAT_S1_R1_001_fastqc.html
[2022-10-07 18:38:46,887] multiqc                                            [DEBUG  ]  File ignored by rseqc/read_distribution because it exceeded search pattern filesize limit: 7016-BY-1_TAAGGCGA-CTCTCTAT_S1_R1_001_fastqc.html
[2022-10-07 18:38:46,887] multiqc                                            [DEBUG  ]  File ignored by rseqc/infer_experiment because it exceeded search pattern filesize limit: 7016-BY-1_TAAGGCGA-CTCTCTAT_S1_R1_001_fastqc.html
[2022-10-07 18:38:47,001] multiqc                                            [DEBUG  ]  File ignored by nanostat because it exceeded search pattern filesize limit: 7016-BY-1_TAAGGCGA-CTCTCTAT_S1_R1_001_fastqc.html
[2022-10-07 18:38:47,038] multiqc                                            [DEBUG  ]  File ignored by ccs/v4 because it exceeded search pattern filesize limit: 7016-BY-4_TCCTGAGC-CTCTCTAT_S4_R1_001_fastqc.html
[2022-10-07 18:38:47,054] multiqc                                            [DEBUG  ]  File ignored by hicexplorer because it exceeded search pattern filesize limit: 7016-BY-4_TCCTGAGC-CTCTCTAT_S4_R1_001_fastqc.html
[2022-10-07 18:38:47,055] multiqc                                            [DEBUG  ]  File ignored by lima/summary because it exceeded search pattern filesize limit: 7016-BY-4_TCCTGAGC-CTCTCTAT_S4_R1_001_fastqc.html
[2022-10-07 18:38:47,087] multiqc                                            [DEBUG  ]  File ignored by vep/vep_txt because it exceeded search pattern filesize limit: 7016-BY-4_TCCTGAGC-CTCTCTAT_S4_R1_001_fastqc.html
[2022-10-07 18:38:47,088] multiqc                                            [DEBUG  ]  File ignored by longranger/invocation because it exceeded search pattern filesize limit: 7016-BY-4_TCCTGAGC-CTCTCTAT_S4_R1_001_fastqc.html
[2022-10-07 18:38:47,088] multiqc                                            [DEBUG  ]  File ignored by rockhopper because it exceeded search pattern filesize limit: 7016-BY-4_TCCTGAGC-CTCTCTAT_S4_R1_001_fastqc.html
[2022-10-07 18:38:47,088] multiqc                                            [DEBUG  ]  File ignored by rseqc/bam_stat because it exceeded search pattern filesize limit: 7016-BY-4_TCCTGAGC-CTCTCTAT_S4_R1_001_fastqc.html
[2022-10-07 18:38:47,088] multiqc                                            [DEBUG  ]  File ignored by rseqc/junction_annotation because it exceeded search pattern filesize limit: 7016-BY-4_TCCTGAGC-CTCTCTAT_S4_R1_001_fastqc.html
[2022-10-07 18:38:47,088] multiqc                                            [DEBUG  ]  File ignored by rseqc/read_distribution because it exceeded search pattern filesize limit: 7016-BY-4_TCCTGAGC-CTCTCTAT_S4_R1_001_fastqc.html
[2022-10-07 18:38:47,089] multiqc                                            [DEBUG  ]  File ignored by rseqc/infer_experiment because it exceeded search pattern filesize limit: 7016-BY-4_TCCTGAGC-CTCTCTAT_S4_R1_001_fastqc.html
[2022-10-07 18:38:47,215] multiqc                                            [DEBUG  ]  File ignored by nanostat because it exceeded search pattern filesize limit: 7016-BY-4_TCCTGAGC-CTCTCTAT_S4_R1_001_fastqc.html
[2022-10-07 18:38:47,254] multiqc                                            [DEBUG  ]  File ignored by ccs/v4 because it exceeded search pattern filesize limit: 7016-BY-2_CGTACTAG-CTCTCTAT_S2_R1_001_fastqc.html
[2022-10-07 18:38:47,270] multiqc                                            [DEBUG  ]  File ignored by hicexplorer because it exceeded search pattern filesize limit: 7016-BY-2_CGTACTAG-CTCTCTAT_S2_R1_001_fastqc.html
[2022-10-07 18:38:47,272] multiqc                                            [DEBUG  ]  File ignored by lima/summary because it exceeded search pattern filesize limit: 7016-BY-2_CGTACTAG-CTCTCTAT_S2_R1_001_fastqc.html
[2022-10-07 18:38:47,303] multiqc                                            [DEBUG  ]  File ignored by vep/vep_txt because it exceeded search pattern filesize limit: 7016-BY-2_CGTACTAG-CTCTCTAT_S2_R1_001_fastqc.html
[2022-10-07 18:38:47,304] multiqc                                            [DEBUG  ]  File ignored by longranger/invocation because it exceeded search pattern filesize limit: 7016-BY-2_CGTACTAG-CTCTCTAT_S2_R1_001_fastqc.html
[2022-10-07 18:38:47,304] multiqc                                            [DEBUG  ]  File ignored by rockhopper because it exceeded search pattern filesize limit: 7016-BY-2_CGTACTAG-CTCTCTAT_S2_R1_001_fastqc.html
[2022-10-07 18:38:47,304] multiqc                                            [DEBUG  ]  File ignored by rseqc/bam_stat because it exceeded search pattern filesize limit: 7016-BY-2_CGTACTAG-CTCTCTAT_S2_R1_001_fastqc.html
[2022-10-07 18:38:47,304] multiqc                                            [DEBUG  ]  File ignored by rseqc/junction_annotation because it exceeded search pattern filesize limit: 7016-BY-2_CGTACTAG-CTCTCTAT_S2_R1_001_fastqc.html
[2022-10-07 18:38:47,304] multiqc                                            [DEBUG  ]  File ignored by rseqc/read_distribution because it exceeded search pattern filesize limit: 7016-BY-2_CGTACTAG-CTCTCTAT_S2_R1_001_fastqc.html
[2022-10-07 18:38:47,305] multiqc                                            [DEBUG  ]  File ignored by rseqc/infer_experiment because it exceeded search pattern filesize limit: 7016-BY-2_CGTACTAG-CTCTCTAT_S2_R1_001_fastqc.html
[2022-10-07 18:38:47,433] multiqc                                            [DEBUG  ]  File ignored by nanostat because it exceeded search pattern filesize limit: 7016-BY-2_CGTACTAG-CTCTCTAT_S2_R1_001_fastqc.html
[2022-10-07 18:38:47,470] multiqc                                            [DEBUG  ]  File ignored by ccs/v4 because it exceeded search pattern filesize limit: 7016-BY-6_TAGGCATG-CTCTCTAT_S6_R1_001_fastqc.html
[2022-10-07 18:38:47,487] multiqc                                            [DEBUG  ]  File ignored by hicexplorer because it exceeded search pattern filesize limit: 7016-BY-6_TAGGCATG-CTCTCTAT_S6_R1_001_fastqc.html
[2022-10-07 18:38:47,489] multiqc                                            [DEBUG  ]  File ignored by lima/summary because it exceeded search pattern filesize limit: 7016-BY-6_TAGGCATG-CTCTCTAT_S6_R1_001_fastqc.html
[2022-10-07 18:38:47,520] multiqc                                            [DEBUG  ]  File ignored by vep/vep_txt because it exceeded search pattern filesize limit: 7016-BY-6_TAGGCATG-CTCTCTAT_S6_R1_001_fastqc.html
[2022-10-07 18:38:47,521] multiqc                                            [DEBUG  ]  File ignored by longranger/invocation because it exceeded search pattern filesize limit: 7016-BY-6_TAGGCATG-CTCTCTAT_S6_R1_001_fastqc.html
[2022-10-07 18:38:47,521] multiqc                                            [DEBUG  ]  File ignored by rockhopper because it exceeded search pattern filesize limit: 7016-BY-6_TAGGCATG-CTCTCTAT_S6_R1_001_fastqc.html
[2022-10-07 18:38:47,521] multiqc                                            [DEBUG  ]  File ignored by rseqc/bam_stat because it exceeded search pattern filesize limit: 7016-BY-6_TAGGCATG-CTCTCTAT_S6_R1_001_fastqc.html
[2022-10-07 18:38:47,521] multiqc                                            [DEBUG  ]  File ignored by rseqc/junction_annotation because it exceeded search pattern filesize limit: 7016-BY-6_TAGGCATG-CTCTCTAT_S6_R1_001_fastqc.html
[2022-10-07 18:38:47,522] multiqc                                            [DEBUG  ]  File ignored by rseqc/read_distribution because it exceeded search pattern filesize limit: 7016-BY-6_TAGGCATG-CTCTCTAT_S6_R1_001_fastqc.html
[2022-10-07 18:38:47,522] multiqc                                            [DEBUG  ]  File ignored by rseqc/infer_experiment because it exceeded search pattern filesize limit: 7016-BY-6_TAGGCATG-CTCTCTAT_S6_R1_001_fastqc.html
[2022-10-07 18:38:47,648] multiqc                                            [DEBUG  ]  File ignored by nanostat because it exceeded search pattern filesize limit: 7016-BY-6_TAGGCATG-CTCTCTAT_S6_R1_001_fastqc.html
[2022-10-07 18:38:47,686] multiqc                                            [DEBUG  ]  File ignored by ccs/v4 because it exceeded search pattern filesize limit: 7016-BY-3_AGGCAGAA-CTCTCTAT_S3_R1_001_fastqc.html
[2022-10-07 18:38:47,702] multiqc                                            [DEBUG  ]  File ignored by hicexplorer because it exceeded search pattern filesize limit: 7016-BY-3_AGGCAGAA-CTCTCTAT_S3_R1_001_fastqc.html
[2022-10-07 18:38:47,704] multiqc                                            [DEBUG  ]  File ignored by lima/summary because it exceeded search pattern filesize limit: 7016-BY-3_AGGCAGAA-CTCTCTAT_S3_R1_001_fastqc.html
[2022-10-07 18:38:47,735] multiqc                                            [DEBUG  ]  File ignored by vep/vep_txt because it exceeded search pattern filesize limit: 7016-BY-3_AGGCAGAA-CTCTCTAT_S3_R1_001_fastqc.html
[2022-10-07 18:38:47,736] multiqc                                            [DEBUG  ]  File ignored by longranger/invocation because it exceeded search pattern filesize limit: 7016-BY-3_AGGCAGAA-CTCTCTAT_S3_R1_001_fastqc.html
[2022-10-07 18:38:47,736] multiqc                                            [DEBUG  ]  File ignored by rockhopper because it exceeded search pattern filesize limit: 7016-BY-3_AGGCAGAA-CTCTCTAT_S3_R1_001_fastqc.html
[2022-10-07 18:38:47,736] multiqc                                            [DEBUG  ]  File ignored by rseqc/bam_stat because it exceeded search pattern filesize limit: 7016-BY-3_AGGCAGAA-CTCTCTAT_S3_R1_001_fastqc.html
[2022-10-07 18:38:47,736] multiqc                                            [DEBUG  ]  File ignored by rseqc/junction_annotation because it exceeded search pattern filesize limit: 7016-BY-3_AGGCAGAA-CTCTCTAT_S3_R1_001_fastqc.html
[2022-10-07 18:38:47,736] multiqc                                            [DEBUG  ]  File ignored by rseqc/read_distribution because it exceeded search pattern filesize limit: 7016-BY-3_AGGCAGAA-CTCTCTAT_S3_R1_001_fastqc.html
[2022-10-07 18:38:47,736] multiqc                                            [DEBUG  ]  File ignored by rseqc/infer_experiment because it exceeded search pattern filesize limit: 7016-BY-3_AGGCAGAA-CTCTCTAT_S3_R1_001_fastqc.html
[2022-10-07 18:38:47,863] multiqc                                            [DEBUG  ]  File ignored by nanostat because it exceeded search pattern filesize limit: 7016-BY-3_AGGCAGAA-CTCTCTAT_S3_R1_001_fastqc.html
[2022-10-07 18:38:48,487] multiqc.plots.linegraph                            [DEBUG  ]  Using matplotlib version 3.5.1
[2022-10-07 18:38:48,488] multiqc.plots.bargraph                             [DEBUG  ]  Using matplotlib version 3.5.1
[2022-10-07 18:38:48,674] multiqc.modules.fastqc.fastqc                      [INFO   ]  Found 6 reports
[2022-10-07 18:38:48,797] multiqc                                            [INFO   ]  Compressing plot data
[2022-10-07 18:38:48,890] multiqc                                            [INFO   ]  Report      : multiqc_report.html
[2022-10-07 18:38:48,890] multiqc                                            [INFO   ]  Data        : multiqc_data
[2022-10-07 18:38:48,891] multiqc                                            [DEBUG  ]  Moving data file from '/tmp/tmpxyw_39lx/multiqc_data' to '/nas/homes/benyang/LiuLabCollab/01_fastqc/multiqc_data'
[2022-10-07 18:38:49,000] multiqc                                            [INFO   ]  MultiQC complete
